Running main() from /opt/ros/jazzy/src/gtest_vendor/src/gtest_main.cc
Note: Google Test filter = PlanningCandidate.AdmissionRequiresDerivedMainReserve:PlanningBudget.UsesSteadyClockAndCancellation
[==========] Running 2 tests from 2 test suites.
[----------] Global test environment set-up.
[----------] 1 test from PlanningCandidate
[ RUN      ] PlanningCandidate.AdmissionRequiresDerivedMainReserve
[       OK ] PlanningCandidate.AdmissionRequiresDerivedMainReserve (0 ms)
[----------] 1 test from PlanningCandidate (0 ms total)

[----------] 1 test from PlanningBudget
[ RUN      ] PlanningBudget.UsesSteadyClockAndCancellation
[       OK ] PlanningBudget.UsesSteadyClockAndCancellation (0 ms)
[----------] 1 test from PlanningBudget (0 ms total)

[----------] Global test environment tear-down
[==========] 2 tests from 2 test suites ran. (0 ms total)
[  PASSED  ] 2 tests.
