Running main() from /opt/ros/jazzy/src/gtest_vendor/src/gtest_main.cc
Note: Google Test filter = PlannerFsm.ResumesOnlyExactFreshWorldRecertifiedGeneration:PlannerFsm.FiveSecondTimeoutExistsOnlyWhileStationary:PlannerFsm.WatchdogKeepsBoundedStoppedRecoveryHoldForRetry
[==========] Running 3 tests from 1 test suite.
[----------] Global test environment set-up.
[----------] 3 tests from PlannerFsm
[ RUN      ] PlannerFsm.FiveSecondTimeoutExistsOnlyWhileStationary
[       OK ] PlannerFsm.FiveSecondTimeoutExistsOnlyWhileStationary (0 ms)
[ RUN      ] PlannerFsm.WatchdogKeepsBoundedStoppedRecoveryHoldForRetry
[       OK ] PlannerFsm.WatchdogKeepsBoundedStoppedRecoveryHoldForRetry (0 ms)
[ RUN      ] PlannerFsm.ResumesOnlyExactFreshWorldRecertifiedGeneration
[       OK ] PlannerFsm.ResumesOnlyExactFreshWorldRecertifiedGeneration (0 ms)
[----------] 3 tests from PlannerFsm (0 ms total)

[----------] Global test environment tear-down
[==========] 3 tests from 1 test suite ran. (0 ms total)
[  PASSED  ] 3 tests.
