Running main() from /opt/ros/jazzy/src/gtest_vendor/src/gtest_main.cc
Note: Google Test filter = CertifiedContinuation.ExactPlannedEntryReserveDoesNotAuthorizeLaterMeasuredHandoff
[==========] Running 1 test from 1 test suite.
[----------] Global test environment set-up.
[----------] 1 test from CertifiedContinuation
[ RUN      ] CertifiedContinuation.ExactPlannedEntryReserveDoesNotAuthorizeLaterMeasuredHandoff
[       OK ] CertifiedContinuation.ExactPlannedEntryReserveDoesNotAuthorizeLaterMeasuredHandoff (0 ms)
[----------] 1 test from CertifiedContinuation (0 ms total)

[----------] Global test environment tear-down
[==========] 1 test from 1 test suite ran. (0 ms total)
[  PASSED  ] 1 test.
