Running main() from /opt/ros/jazzy/src/gtest_vendor/src/gtest_main.cc
Note: Google Test filter = ExecutionEpisode.SuspendAndClearDoNotRetainCommandIdentity:ExecutionEpisode.RecoveryEventsRemainOneWayInsideTheLifecycleRecord
[==========] Running 2 tests from 1 test suite.
[----------] Global test environment set-up.
[----------] 2 tests from ExecutionEpisode
[ RUN      ] ExecutionEpisode.SuspendAndClearDoNotRetainCommandIdentity
[       OK ] ExecutionEpisode.SuspendAndClearDoNotRetainCommandIdentity (0 ms)
[ RUN      ] ExecutionEpisode.RecoveryEventsRemainOneWayInsideTheLifecycleRecord
[       OK ] ExecutionEpisode.RecoveryEventsRemainOneWayInsideTheLifecycleRecord (0 ms)
[----------] 2 tests from ExecutionEpisode (0 ms total)

[----------] Global test environment tear-down
[==========] 2 tests from 1 test suite ran. (0 ms total)
[  PASSED  ] 2 tests.
