Running main() from /opt/ros/jazzy/src/gtest_vendor/src/gtest_main.cc
Note: Google Test filter = PlannerSpeedGovernor.*
[==========] Running 3 tests from 1 test suite.
[----------] Global test environment set-up.
[----------] 3 tests from PlannerSpeedGovernor
[ RUN      ] PlannerSpeedGovernor.UsesWeakestEvidenceAndConcreteBoundedCandidates
[       OK ] PlannerSpeedGovernor.UsesWeakestEvidenceAndConcreteBoundedCandidates (0 ms)
[ RUN      ] PlannerSpeedGovernor.DoesNotReplaceMeasuredPvajWithDesiredCruiseSpeed
[       OK ] PlannerSpeedGovernor.DoesNotReplaceMeasuredPvajWithDesiredCruiseSpeed (0 ms)
[ RUN      ] PlannerSpeedGovernor.ReportsBudgetExhaustionSeparately
[       OK ] PlannerSpeedGovernor.ReportsBudgetExhaustionSeparately (0 ms)
[----------] 3 tests from PlannerSpeedGovernor (0 ms total)

[----------] Global test environment tear-down
[==========] 3 tests from 1 test suite ran. (0 ms total)
[  PASSED  ] 3 tests.
