Running main() from /opt/ros/jazzy/src/gtest_vendor/src/gtest_main.cc
Note: Google Test filter = CommittedBundleStore.ExposureMustRecheckFreshnessAfterWaitingForStoreLock:ExecutionTimelineStore.WorldAdvanceInvalidatesPendingSuccessor
[==========] Running 2 tests from 2 test suites.
[----------] Global test environment set-up.
[----------] 1 test from CommittedBundleStore
[ RUN      ] CommittedBundleStore.ExposureMustRecheckFreshnessAfterWaitingForStoreLock
[       OK ] CommittedBundleStore.ExposureMustRecheckFreshnessAfterWaitingForStoreLock (0 ms)
[----------] 1 test from CommittedBundleStore (0 ms total)

[----------] 1 test from ExecutionTimelineStore
[ RUN      ] ExecutionTimelineStore.WorldAdvanceInvalidatesPendingSuccessor
[       OK ] ExecutionTimelineStore.WorldAdvanceInvalidatesPendingSuccessor (0 ms)
[----------] 1 test from ExecutionTimelineStore (0 ms total)

[----------] Global test environment tear-down
[==========] 2 tests from 2 test suites ran. (0 ms total)
[  PASSED  ] 2 tests.
